2026-02-13T05:25:11.800Z [INFO]: Connected to Source SQL Server 
2026-02-13T05:25:11.801Z [INFO]: Starting Scheduler: */1 * * * * 
2026-02-13T05:26:00.012Z [INFO]: --- Starting V2 Sync Job --- 
2026-02-13T05:26:00.075Z [INFO]: Sync Window Start: 2026-02-11T07:17:01.634Z 
2026-02-13T05:26:00.075Z [INFO]: Starting Rule Engine Evaluation... 
2026-02-13T05:26:00.478Z [INFO]: Raw Detection: Power=38, Comm=62, Trip=13, Lamp=28 
2026-02-13T05:26:00.478Z [INFO]: Actionable Summary: {"POWER_FAIL":38,"COMMUNICATION_FAIL":62,"SINGLE_PHASE_TRIP":10,"THREE_PHASE_TRIP":3,"LAMP_FAILURE":9} 
2026-02-13T05:26:00.478Z [INFO]: Generated 122 actionable complaints. 
2026-02-13T05:26:00.479Z [INFO]: Generated 122 actionable complaints. 
2026-02-13T05:26:00.535Z [INFO]: Persisted Complaint for RTU 282 [ID: KMC000106] 
2026-02-13T05:26:00.544Z [INFO]: Persisted Complaint for RTU 341 [ID: KMC000107] 
2026-02-13T05:26:00.554Z [INFO]: Persisted Complaint for RTU 597 [ID: KMC000108] 
2026-02-13T05:26:00.564Z [INFO]: Persisted Complaint for RTU 761 [ID: KMC000109] 
2026-02-13T05:26:00.573Z [INFO]: Persisted Complaint for RTU 762 [ID: KMC000110] 
2026-02-13T05:26:00.584Z [INFO]: Persisted Complaint for RTU 767 [ID: KMC000111] 
2026-02-13T05:26:00.592Z [INFO]: Persisted Complaint for RTU 772 [ID: KMC000112] 
2026-02-13T05:26:00.602Z [INFO]: Persisted Complaint for RTU 775 [ID: KMC000113] 
2026-02-13T05:26:00.610Z [INFO]: Persisted Complaint for RTU 783 [ID: KMC000114] 
2026-02-13T05:26:00.620Z [INFO]: Persisted Complaint for RTU 789 [ID: KMC000115] 
2026-02-13T05:26:00.628Z [INFO]: Persisted Complaint for RTU 845 [ID: KMC000116] 
2026-02-13T05:26:00.636Z [INFO]: Persisted Complaint for RTU 1509 [ID: KMC000117] 
2026-02-13T05:26:00.645Z [INFO]: Persisted Complaint for RTU 1515 [ID: KMC000118] 
2026-02-13T05:26:00.654Z [INFO]: Persisted Complaint for RTU 1520 [ID: KMC000119] 
2026-02-13T05:26:00.663Z [INFO]: Persisted Complaint for RTU 1526 [ID: KMC000120] 
2026-02-13T05:26:00.671Z [INFO]: Persisted Complaint for RTU 1536 [ID: KMC000121] 
2026-02-13T05:26:00.679Z [INFO]: Persisted Complaint for RTU 2037 [ID: KMC000122] 
2026-02-13T05:26:00.687Z [INFO]: Persisted Complaint for RTU 58 [ID: KMC000123] 
2026-02-13T05:26:00.695Z [INFO]: Persisted Complaint for RTU 224 [ID: KMC000124] 
2026-02-13T05:26:00.704Z [INFO]: Persisted Complaint for RTU 387 [ID: KMC000125] 
2026-02-13T05:26:00.712Z [INFO]: Persisted Complaint for RTU 395 [ID: KMC000126] 
2026-02-13T05:26:00.720Z [INFO]: Persisted Complaint for RTU 824 [ID: KMC000127] 
2026-02-13T05:26:00.728Z [INFO]: Persisted Complaint for RTU 831 [ID: KMC000128] 
2026-02-13T05:26:00.737Z [INFO]: Persisted Complaint for RTU 1646 [ID: KMC000129] 
2026-02-13T05:26:00.746Z [INFO]: Persisted Complaint for RTU 1648 [ID: KMC000130] 
2026-02-13T05:26:00.755Z [INFO]: Persisted Complaint for RTU 1652 [ID: KMC000131] 
2026-02-13T05:26:00.765Z [INFO]: Persisted Complaint for RTU 1669 [ID: KMC000132] 
2026-02-13T05:26:00.775Z [INFO]: Persisted Complaint for RTU 2125 [ID: KMC000133] 
2026-02-13T05:26:00.784Z [INFO]: Persisted Complaint for RTU 119 [ID: KMC000134] 
2026-02-13T05:26:00.793Z [INFO]: Persisted Complaint for RTU 443 [ID: KMC000135] 
2026-02-13T05:26:00.804Z [INFO]: Persisted Complaint for RTU 449 [ID: KMC000136] 
2026-02-13T05:26:00.813Z [INFO]: Persisted Complaint for RTU 706 [ID: KMC000137] 
2026-02-13T05:26:00.822Z [INFO]: Persisted Complaint for RTU 728 [ID: KMC000138] 
2026-02-13T05:26:00.832Z [INFO]: Persisted Complaint for RTU 799 [ID: KMC000139] 
2026-02-13T05:26:00.841Z [INFO]: Persisted Complaint for RTU 1273 [ID: KMC000140] 
2026-02-13T05:26:00.850Z [INFO]: Persisted Complaint for RTU 1545 [ID: KMC000141] 
2026-02-13T05:26:00.860Z [INFO]: Persisted Complaint for RTU 1547 [ID: KMC000142] 
2026-02-13T05:26:00.869Z [INFO]: Persisted Complaint for RTU 1633 [ID: KMC000143] 
2026-02-13T05:26:00.877Z [INFO]: Persisted Complaint for RTU 32 [ID: KMC000144] 
2026-02-13T05:26:00.887Z [INFO]: Persisted Complaint for RTU 335 [ID: KMC000145] 
2026-02-13T05:26:00.896Z [INFO]: Persisted Complaint for RTU 1310 [ID: KMC000146] 
2026-02-13T05:26:00.904Z [INFO]: Persisted Complaint for RTU 701 [ID: KMC000147] 
2026-02-13T05:26:00.913Z [INFO]: Persisted Complaint for RTU 1507 [ID: KMC000148] 
2026-02-13T05:26:00.922Z [INFO]: Persisted Complaint for RTU 1619 [ID: KMC000149] 
2026-02-13T05:26:00.931Z [INFO]: Persisted Complaint for RTU 1404 [ID: KMC000150] 
2026-02-13T05:26:00.939Z [INFO]: Persisted Complaint for RTU 2081 [ID: KMC000151] 
2026-02-13T05:26:00.948Z [INFO]: Persisted Complaint for RTU 2062 [ID: KMC000152] 
2026-02-13T05:26:00.956Z [INFO]: Persisted Complaint for RTU 2102 [ID: KMC000153] 
2026-02-13T05:26:00.964Z [INFO]: Persisted Complaint for RTU 2056 [ID: KMC000154] 
2026-02-13T05:26:00.973Z [INFO]: Persisted Complaint for RTU 1372 [ID: KMC000155] 
2026-02-13T05:26:00.982Z [INFO]: Persisted Complaint for RTU 2097 [ID: KMC000156] 
2026-02-13T05:26:00.991Z [INFO]: Persisted Complaint for RTU 74 [ID: KMC000157] 
2026-02-13T05:26:01.001Z [INFO]: Persisted Complaint for RTU 437 [ID: KMC000158] 
2026-02-13T05:26:01.011Z [INFO]: Persisted Complaint for RTU 2083 [ID: KMC000159] 
2026-02-13T05:26:01.022Z [INFO]: Persisted Complaint for RTU 1510 [ID: KMC000160] 
2026-02-13T05:26:01.031Z [INFO]: Persisted Complaint for RTU 592 [ID: KMC000161] 
2026-02-13T05:26:01.040Z [INFO]: Persisted Complaint for RTU 689 [ID: KMC000162] 
2026-02-13T05:26:01.050Z [INFO]: Persisted Complaint for RTU 2090 [ID: KMC000163] 
2026-02-13T05:26:01.059Z [INFO]: Persisted Complaint for RTU 1263 [ID: KMC000164] 
2026-02-13T05:26:01.067Z [INFO]: Persisted Complaint for RTU 771 [ID: KMC000165] 
2026-02-13T05:26:01.075Z [INFO]: Persisted Complaint for RTU 17 [ID: KMC000166] 
2026-02-13T05:26:01.084Z [INFO]: Persisted Complaint for RTU 167 [ID: KMC000167] 
2026-02-13T05:26:01.092Z [INFO]: Persisted Complaint for RTU 1166 [ID: KMC000168] 
2026-02-13T05:26:01.102Z [INFO]: Persisted Complaint for RTU 1511 [ID: KMC000169] 
2026-02-13T05:26:01.110Z [INFO]: Persisted Complaint for RTU 1684 [ID: KMC000170] 
2026-02-13T05:26:01.121Z [INFO]: Persisted Complaint for RTU 1694 [ID: KMC000171] 
2026-02-13T05:26:01.130Z [INFO]: Persisted Complaint for RTU 1508 [ID: KMC000172] 
2026-02-13T05:26:01.140Z [INFO]: Persisted Complaint for RTU 1463 [ID: KMC000173] 
2026-02-13T05:26:01.149Z [INFO]: Persisted Complaint for RTU 1490 [ID: KMC000174] 
2026-02-13T05:26:01.158Z [INFO]: Persisted Complaint for RTU 217 [ID: KMC000175] 
2026-02-13T05:26:01.166Z [INFO]: Persisted Complaint for RTU 793 [ID: KMC000176] 
2026-02-13T05:26:01.175Z [INFO]: Persisted Complaint for RTU 550 [ID: KMC000177] 
2026-02-13T05:26:01.185Z [INFO]: Persisted Complaint for RTU 1152 [ID: KMC000178] 
2026-02-13T05:26:01.194Z [INFO]: Persisted Complaint for RTU 1154 [ID: KMC000179] 
2026-02-13T05:26:01.204Z [INFO]: Persisted Complaint for RTU 1283 [ID: KMC000180] 
2026-02-13T05:26:01.215Z [INFO]: Persisted Complaint for RTU 1285 [ID: KMC000181] 
2026-02-13T05:26:01.224Z [INFO]: Persisted Complaint for RTU 1407 [ID: KMC000182] 
2026-02-13T05:26:01.233Z [INFO]: Persisted Complaint for RTU 1647 [ID: KMC000183] 
2026-02-13T05:26:01.241Z [INFO]: Persisted Complaint for RTU 2033 [ID: KMC000184] 
2026-02-13T05:26:01.250Z [INFO]: Persisted Complaint for RTU 374 [ID: KMC000185] 
2026-02-13T05:26:01.258Z [INFO]: Persisted Complaint for RTU 1607 [ID: KMC000186] 
2026-02-13T05:26:01.266Z [INFO]: Persisted Complaint for RTU 874 [ID: KMC000187] 
2026-02-13T05:26:01.274Z [INFO]: Persisted Complaint for RTU 1391 [ID: KMC000188] 
2026-02-13T05:26:01.277Z [WARN]: Skipping Complaint for RTU 169: Active complaint KMC000171 exists. 
2026-02-13T05:26:01.285Z [INFO]: Persisted Complaint for RTU 2059 [ID: KMC000189] 
2026-02-13T05:26:01.293Z [INFO]: Persisted Complaint for RTU 1431 [ID: KMC000190] 
2026-02-13T05:26:01.301Z [INFO]: Persisted Complaint for RTU 192 [ID: KMC000191] 
2026-02-13T05:26:01.310Z [INFO]: Persisted Complaint for RTU 258 [ID: KMC000192] 
2026-02-13T05:26:01.319Z [INFO]: Persisted Complaint for RTU 314 [ID: KMC000193] 
2026-02-13T05:26:01.327Z [INFO]: Persisted Complaint for RTU 95 [ID: KMC000194] 
2026-02-13T05:26:01.336Z [INFO]: Persisted Complaint for RTU 524 [ID: KMC000195] 
2026-02-13T05:26:01.343Z [INFO]: Persisted Complaint for RTU 1011 [ID: KMC000196] 
2026-02-13T05:26:01.351Z [INFO]: Persisted Complaint for RTU 538 [ID: KMC000197] 
2026-02-13T05:26:01.359Z [INFO]: Persisted Complaint for RTU 272 [ID: KMC000198] 
2026-02-13T05:26:01.368Z [INFO]: Persisted Complaint for RTU 507 [ID: KMC000199] 
2026-02-13T05:26:01.370Z [WARN]: Skipping Complaint for RTU 21: Active complaint KMC000133 exists. 
2026-02-13T05:26:01.378Z [INFO]: Persisted Complaint for RTU 1455 [ID: KMC000200] 
2026-02-13T05:26:01.388Z [INFO]: Persisted Complaint for RTU 256 [ID: KMC000201] 
2026-02-13T05:26:01.396Z [INFO]: Persisted Complaint for RTU 695 [ID: KMC000202] 
2026-02-13T05:26:01.405Z [INFO]: Persisted Complaint for RTU 1270 [ID: KMC000203] 
2026-02-13T05:26:01.414Z [INFO]: Persisted Complaint for RTU 274 [ID: KMC000204] 
2026-02-13T05:26:01.423Z [INFO]: Persisted Complaint for RTU 656 [ID: KMC000205] 
2026-02-13T05:26:01.430Z [INFO]: Persisted Complaint for RTU 2060 [ID: KMC000206] 
2026-02-13T05:26:01.439Z [INFO]: Persisted Complaint for RTU 801 [ID: KMC000207] 
2026-02-13T05:26:01.447Z [INFO]: Persisted Complaint for RTU 1200 [ID: KMC000208] 
2026-02-13T05:26:01.456Z [INFO]: Persisted Complaint for RTU 1686 [ID: KMC000209] 
2026-02-13T05:26:01.465Z [INFO]: Persisted Complaint for RTU 2054 [ID: KMC000210] 
2026-02-13T05:26:01.473Z [INFO]: Persisted Complaint for RTU 60 [ID: KMC000211] 
2026-02-13T05:26:01.482Z [INFO]: Persisted Complaint for RTU 85 [ID: KMC000212] 
2026-02-13T05:26:01.493Z [INFO]: Persisted Complaint for RTU 269 [ID: KMC000213] 
2026-02-13T05:26:01.502Z [INFO]: Persisted Complaint for RTU 468 [ID: KMC000214] 
2026-02-13T05:26:01.510Z [INFO]: Persisted Complaint for RTU 1415 [ID: KMC000215] 
2026-02-13T05:26:01.518Z [INFO]: Persisted Complaint for RTU 2117 [ID: KMC000216] 
2026-02-13T05:26:01.527Z [INFO]: Persisted Complaint for RTU 197 [ID: KMC000217] 
2026-02-13T05:26:01.537Z [INFO]: Persisted Complaint for RTU 257 [ID: KMC000218] 
2026-02-13T05:26:01.545Z [INFO]: Persisted Complaint for RTU 661 [ID: KMC000219] 
2026-02-13T05:26:01.553Z [INFO]: Persisted Complaint for RTU 710 [ID: KMC000220] 
2026-02-13T05:26:01.560Z [INFO]: Persisted Complaint for RTU 786 [ID: KMC000221] 
2026-02-13T05:26:01.569Z [INFO]: Persisted Complaint for RTU 1258 [ID: KMC000222] 
2026-02-13T05:26:01.577Z [INFO]: Persisted Complaint for RTU 1446 [ID: KMC000223] 
2026-02-13T05:26:01.587Z [INFO]: Persisted Complaint for RTU 1539 [ID: KMC000224] 
2026-02-13T05:26:01.596Z [INFO]: Persisted Complaint for RTU 1593 [ID: KMC000225] 
2026-02-13T05:26:01.599Z [INFO]: --- V2 Sync Job Completed --- 
2026-02-13T05:38:21.659Z [INFO]: Connected to Source SQL Server 
2026-02-13T05:38:21.660Z [INFO]: Starting Scheduler: */1 * * * * 
2026-02-13T05:39:00.012Z [INFO]: --- Starting V2 Sync Job --- 
2026-02-13T05:39:00.058Z [INFO]: Sync Window Start: 2026-02-13T05:26:01.597Z 
2026-02-13T05:39:00.059Z [INFO]: Starting Rule Engine Evaluation... 
2026-02-13T05:39:00.689Z [INFO]: Raw Detection: Power=42, Comm=63, Trip=13, Lamp=31 
2026-02-13T05:39:00.690Z [INFO]: Actionable Summary: {"POWER_FAIL":42,"COMMUNICATION_FAIL":63,"SINGLE_PHASE_TRIP":10,"THREE_PHASE_TRIP":3,"LAMP_FAILURE":10} 
2026-02-13T05:39:00.690Z [INFO]: Generated 128 actionable complaints. 
2026-02-13T05:39:00.690Z [INFO]: Generated 128 actionable complaints. 
2026-02-13T05:39:00.747Z [INFO]: Persisted Complaint for RTU 58 [ID: KMC000106] 
2026-02-13T05:39:00.757Z [INFO]: Persisted Complaint for RTU 259 [ID: KMC000107] 
2026-02-13T05:39:00.768Z [INFO]: Persisted Complaint for RTU 322 [ID: KMC000108] 
2026-02-13T05:39:00.780Z [INFO]: Persisted Complaint for RTU 341 [ID: KMC000109] 
2026-02-13T05:39:00.790Z [INFO]: Persisted Complaint for RTU 370 [ID: KMC000110] 
2026-02-13T05:39:00.800Z [INFO]: Persisted Complaint for RTU 484 [ID: KMC000111] 
2026-02-13T05:39:00.809Z [INFO]: Persisted Complaint for RTU 799 [ID: KMC000112] 
2026-02-13T05:39:00.822Z [INFO]: Persisted Complaint for RTU 824 [ID: KMC000113] 
2026-02-13T05:39:00.840Z [INFO]: Persisted Complaint for RTU 831 [ID: KMC000114] 
2026-02-13T05:39:00.860Z [INFO]: Persisted Complaint for RTU 1509 [ID: KMC000115] 
2026-02-13T05:39:00.880Z [INFO]: Persisted Complaint for RTU 1515 [ID: KMC000116] 
2026-02-13T05:39:00.945Z [INFO]: Persisted Complaint for RTU 1520 [ID: KMC000117] 
2026-02-13T05:39:00.954Z [INFO]: Persisted Complaint for RTU 1526 [ID: KMC000118] 
2026-02-13T05:39:00.962Z [INFO]: Persisted Complaint for RTU 1536 [ID: KMC000119] 
2026-02-13T05:39:00.974Z [INFO]: Persisted Complaint for RTU 1633 [ID: KMC000120] 
2026-02-13T05:39:00.986Z [INFO]: Persisted Complaint for RTU 2037 [ID: KMC000121] 
2026-02-13T05:39:00.998Z [INFO]: Persisted Complaint for RTU 2125 [ID: KMC000122] 
2026-02-13T05:39:01.007Z [INFO]: Persisted Complaint for RTU 119 [ID: KMC000123] 
2026-02-13T05:39:01.017Z [INFO]: Persisted Complaint for RTU 224 [ID: KMC000124] 
2026-02-13T05:39:01.025Z [INFO]: Persisted Complaint for RTU 282 [ID: KMC000125] 
2026-02-13T05:39:01.035Z [INFO]: Persisted Complaint for RTU 387 [ID: KMC000126] 
2026-02-13T05:39:01.043Z [INFO]: Persisted Complaint for RTU 395 [ID: KMC000127] 
2026-02-13T05:39:01.054Z [INFO]: Persisted Complaint for RTU 443 [ID: KMC000128] 
2026-02-13T05:39:01.063Z [INFO]: Persisted Complaint for RTU 449 [ID: KMC000129] 
2026-02-13T05:39:01.073Z [INFO]: Persisted Complaint for RTU 597 [ID: KMC000130] 
2026-02-13T05:39:01.084Z [INFO]: Persisted Complaint for RTU 706 [ID: KMC000131] 
2026-02-13T05:39:01.093Z [INFO]: Persisted Complaint for RTU 728 [ID: KMC000132] 
2026-02-13T05:39:01.103Z [INFO]: Persisted Complaint for RTU 761 [ID: KMC000133] 
2026-02-13T05:39:01.113Z [INFO]: Persisted Complaint for RTU 762 [ID: KMC000134] 
2026-02-13T05:39:01.124Z [INFO]: Persisted Complaint for RTU 767 [ID: KMC000135] 
2026-02-13T05:39:01.135Z [INFO]: Persisted Complaint for RTU 772 [ID: KMC000136] 
2026-02-13T05:39:01.143Z [INFO]: Persisted Complaint for RTU 775 [ID: KMC000137] 
2026-02-13T05:39:01.153Z [INFO]: Persisted Complaint for RTU 783 [ID: KMC000138] 
2026-02-13T05:39:01.161Z [INFO]: Persisted Complaint for RTU 789 [ID: KMC000139] 
2026-02-13T05:39:01.170Z [INFO]: Persisted Complaint for RTU 845 [ID: KMC000140] 
2026-02-13T05:39:01.178Z [INFO]: Persisted Complaint for RTU 1273 [ID: KMC000141] 
2026-02-13T05:39:01.187Z [INFO]: Persisted Complaint for RTU 1545 [ID: KMC000142] 
2026-02-13T05:39:01.196Z [INFO]: Persisted Complaint for RTU 1547 [ID: KMC000143] 
2026-02-13T05:39:01.206Z [INFO]: Persisted Complaint for RTU 1646 [ID: KMC000144] 
2026-02-13T05:39:01.216Z [INFO]: Persisted Complaint for RTU 1648 [ID: KMC000145] 
2026-02-13T05:39:01.227Z [INFO]: Persisted Complaint for RTU 1652 [ID: KMC000146] 
2026-02-13T05:39:01.237Z [INFO]: Persisted Complaint for RTU 1669 [ID: KMC000147] 
2026-02-13T05:39:01.246Z [INFO]: Persisted Complaint for RTU 330 [ID: KMC000148] 
2026-02-13T05:39:01.249Z [WARN]: Skipping Complaint for RTU 32: Active complaint KMC000108 exists. 
2026-02-13T05:39:01.258Z [INFO]: Persisted Complaint for RTU 335 [ID: KMC000149] 
2026-02-13T05:39:01.269Z [INFO]: Persisted Complaint for RTU 1310 [ID: KMC000150] 
2026-02-13T05:39:01.278Z [INFO]: Persisted Complaint for RTU 701 [ID: KMC000151] 
2026-02-13T05:39:01.289Z [INFO]: Persisted Complaint for RTU 1507 [ID: KMC000152] 
2026-02-13T05:39:01.302Z [INFO]: Persisted Complaint for RTU 1619 [ID: KMC000153] 
2026-02-13T05:39:01.311Z [INFO]: Persisted Complaint for RTU 1404 [ID: KMC000154] 
2026-02-13T05:39:01.320Z [INFO]: Persisted Complaint for RTU 2081 [ID: KMC000155] 
2026-02-13T05:39:01.329Z [INFO]: Persisted Complaint for RTU 2062 [ID: KMC000156] 
2026-02-13T05:39:01.339Z [INFO]: Persisted Complaint for RTU 2102 [ID: KMC000157] 
2026-02-13T05:39:01.347Z [INFO]: Persisted Complaint for RTU 2056 [ID: KMC000158] 
2026-02-13T05:39:01.356Z [INFO]: Persisted Complaint for RTU 1372 [ID: KMC000159] 
2026-02-13T05:39:01.366Z [INFO]: Persisted Complaint for RTU 2097 [ID: KMC000160] 
2026-02-13T05:39:01.375Z [INFO]: Persisted Complaint for RTU 74 [ID: KMC000161] 
2026-02-13T05:39:01.385Z [INFO]: Persisted Complaint for RTU 437 [ID: KMC000162] 
2026-02-13T05:39:01.394Z [INFO]: Persisted Complaint for RTU 2083 [ID: KMC000163] 
2026-02-13T05:39:01.405Z [INFO]: Persisted Complaint for RTU 1510 [ID: KMC000164] 
2026-02-13T05:39:01.415Z [INFO]: Persisted Complaint for RTU 592 [ID: KMC000165] 
2026-02-13T05:39:01.427Z [INFO]: Persisted Complaint for RTU 689 [ID: KMC000166] 
2026-02-13T05:39:01.438Z [INFO]: Persisted Complaint for RTU 2090 [ID: KMC000167] 
2026-02-13T05:39:01.447Z [INFO]: Persisted Complaint for RTU 1263 [ID: KMC000168] 
2026-02-13T05:39:01.458Z [INFO]: Persisted Complaint for RTU 771 [ID: KMC000169] 
2026-02-13T05:39:01.468Z [INFO]: Persisted Complaint for RTU 17 [ID: KMC000170] 
2026-02-13T05:39:01.478Z [INFO]: Persisted Complaint for RTU 167 [ID: KMC000171] 
2026-02-13T05:39:01.489Z [INFO]: Persisted Complaint for RTU 1166 [ID: KMC000172] 
2026-02-13T05:39:01.500Z [INFO]: Persisted Complaint for RTU 1511 [ID: KMC000173] 
2026-02-13T05:39:01.510Z [INFO]: Persisted Complaint for RTU 1684 [ID: KMC000174] 
2026-02-13T05:39:01.519Z [INFO]: Persisted Complaint for RTU 1694 [ID: KMC000175] 
2026-02-13T05:39:01.527Z [INFO]: Persisted Complaint for RTU 1508 [ID: KMC000176] 
2026-02-13T05:39:01.537Z [INFO]: Persisted Complaint for RTU 1463 [ID: KMC000177] 
2026-02-13T05:39:01.546Z [INFO]: Persisted Complaint for RTU 1490 [ID: KMC000178] 
2026-02-13T05:39:01.555Z [INFO]: Persisted Complaint for RTU 217 [ID: KMC000179] 
2026-02-13T05:39:01.564Z [INFO]: Persisted Complaint for RTU 793 [ID: KMC000180] 
2026-02-13T05:39:01.573Z [INFO]: Persisted Complaint for RTU 550 [ID: KMC000181] 
2026-02-13T05:39:01.581Z [INFO]: Persisted Complaint for RTU 1152 [ID: KMC000182] 
2026-02-13T05:39:01.591Z [INFO]: Persisted Complaint for RTU 1154 [ID: KMC000183] 
2026-02-13T05:39:01.600Z [INFO]: Persisted Complaint for RTU 1283 [ID: KMC000184] 
2026-02-13T05:39:01.609Z [INFO]: Persisted Complaint for RTU 1285 [ID: KMC000185] 
2026-02-13T05:39:01.617Z [INFO]: Persisted Complaint for RTU 1407 [ID: KMC000186] 
2026-02-13T05:39:01.626Z [INFO]: Persisted Complaint for RTU 1647 [ID: KMC000187] 
2026-02-13T05:39:01.634Z [INFO]: Persisted Complaint for RTU 2033 [ID: KMC000188] 
2026-02-13T05:39:01.643Z [INFO]: Persisted Complaint for RTU 374 [ID: KMC000189] 
2026-02-13T05:39:01.652Z [INFO]: Persisted Complaint for RTU 1607 [ID: KMC000190] 
2026-02-13T05:39:01.660Z [INFO]: Persisted Complaint for RTU 874 [ID: KMC000191] 
2026-02-13T05:39:01.670Z [INFO]: Persisted Complaint for RTU 1391 [ID: KMC000192] 
2026-02-13T05:39:01.672Z [WARN]: Skipping Complaint for RTU 169: Active complaint KMC000175 exists. 
2026-02-13T05:39:01.680Z [INFO]: Persisted Complaint for RTU 2059 [ID: KMC000193] 
2026-02-13T05:39:01.689Z [INFO]: Persisted Complaint for RTU 1431 [ID: KMC000194] 
2026-02-13T05:39:01.697Z [INFO]: Persisted Complaint for RTU 192 [ID: KMC000195] 
2026-02-13T05:39:01.706Z [INFO]: Persisted Complaint for RTU 258 [ID: KMC000196] 
2026-02-13T05:39:01.716Z [INFO]: Persisted Complaint for RTU 314 [ID: KMC000197] 
2026-02-13T05:39:01.726Z [INFO]: Persisted Complaint for RTU 95 [ID: KMC000198] 
2026-02-13T05:39:01.736Z [INFO]: Persisted Complaint for RTU 524 [ID: KMC000199] 
2026-02-13T05:39:01.745Z [INFO]: Persisted Complaint for RTU 1011 [ID: KMC000200] 
2026-02-13T05:39:01.754Z [INFO]: Persisted Complaint for RTU 538 [ID: KMC000201] 
2026-02-13T05:39:01.763Z [INFO]: Persisted Complaint for RTU 272 [ID: KMC000202] 
2026-02-13T05:39:01.773Z [INFO]: Persisted Complaint for RTU 507 [ID: KMC000203] 
2026-02-13T05:39:01.775Z [WARN]: Skipping Complaint for RTU 21: Active complaint KMC000122 exists. 
2026-02-13T05:39:01.784Z [INFO]: Persisted Complaint for RTU 1455 [ID: KMC000204] 
2026-02-13T05:39:01.792Z [INFO]: Persisted Complaint for RTU 256 [ID: KMC000205] 
2026-02-13T05:39:01.800Z [INFO]: Persisted Complaint for RTU 695 [ID: KMC000206] 
2026-02-13T05:39:01.809Z [INFO]: Persisted Complaint for RTU 1270 [ID: KMC000207] 
2026-02-13T05:39:01.818Z [INFO]: Persisted Complaint for RTU 801 [ID: KMC000208] 
2026-02-13T05:39:01.826Z [INFO]: Persisted Complaint for RTU 1200 [ID: KMC000209] 
2026-02-13T05:39:01.836Z [INFO]: Persisted Complaint for RTU 1686 [ID: KMC000210] 
2026-02-13T05:39:01.846Z [INFO]: Persisted Complaint for RTU 2054 [ID: KMC000211] 
2026-02-13T05:39:01.856Z [INFO]: Persisted Complaint for RTU 60 [ID: KMC000212] 
2026-02-13T05:39:01.865Z [INFO]: Persisted Complaint for RTU 85 [ID: KMC000213] 
2026-02-13T05:39:01.877Z [INFO]: Persisted Complaint for RTU 269 [ID: KMC000214] 
2026-02-13T05:39:01.889Z [INFO]: Persisted Complaint for RTU 274 [ID: KMC000215] 
2026-02-13T05:39:01.898Z [INFO]: Persisted Complaint for RTU 656 [ID: KMC000216] 
2026-02-13T05:39:01.908Z [INFO]: Persisted Complaint for RTU 2060 [ID: KMC000217] 
2026-02-13T05:39:01.919Z [INFO]: Persisted Complaint for RTU 468 [ID: KMC000218] 
2026-02-13T05:39:01.929Z [INFO]: Persisted Complaint for RTU 1415 [ID: KMC000219] 
2026-02-13T05:39:01.939Z [INFO]: Persisted Complaint for RTU 2117 [ID: KMC000220] 
2026-02-13T05:39:01.947Z [INFO]: Persisted Complaint for RTU 197 [ID: KMC000221] 
2026-02-13T05:39:01.956Z [INFO]: Persisted Complaint for RTU 257 [ID: KMC000222] 
2026-02-13T05:39:01.964Z [INFO]: Persisted Complaint for RTU 523 [ID: KMC000223] 
2026-02-13T05:39:01.973Z [INFO]: Persisted Complaint for RTU 710 [ID: KMC000224] 
2026-02-13T05:39:01.982Z [INFO]: Persisted Complaint for RTU 786 [ID: KMC000225] 
2026-02-13T05:39:01.993Z [INFO]: Persisted Complaint for RTU 1161 [ID: KMC000226] 
2026-02-13T05:39:02.002Z [INFO]: Persisted Complaint for RTU 1224 [ID: KMC000227] 
2026-02-13T05:39:02.012Z [INFO]: Persisted Complaint for RTU 1258 [ID: KMC000228] 
2026-02-13T05:39:02.034Z [INFO]: Persisted Complaint for RTU 1446 [ID: KMC000229] 
2026-02-13T05:39:02.044Z [INFO]: Persisted Complaint for RTU 1539 [ID: KMC000230] 
2026-02-13T05:39:02.046Z [INFO]: --- V2 Sync Job Completed --- 
2026-02-13T06:09:09.956Z [INFO]: Connected to Source SQL Server 
2026-02-13T06:09:09.957Z [INFO]: Starting Scheduler: */1 * * * * 
2026-02-13T06:10:00.007Z [INFO]: --- Starting V2 Sync Job --- 
2026-02-13T06:10:00.060Z [INFO]: Sync Window Start: 2026-02-13T05:39:02.044Z 
2026-02-13T06:10:00.060Z [INFO]: Starting Rule Engine Evaluation... 
2026-02-13T06:10:00.257Z [INFO]: Raw Detection: Power=16, Comm=66, Trip=13, Lamp=14 
2026-02-13T06:10:00.257Z [INFO]: Actionable Summary: {"POWER_FAIL":16,"COMMUNICATION_FAIL":65,"SINGLE_PHASE_TRIP":10,"THREE_PHASE_TRIP":3,"LAMP_FAILURE":6} 
2026-02-13T06:10:00.258Z [INFO]: Generated 100 actionable complaints. 
2026-02-13T06:10:00.258Z [INFO]: Generated 100 actionable complaints. 
2026-02-13T06:10:00.328Z [INFO]: Persisted Complaint for RTU 224 [ID: KMC000106] 
2026-02-13T06:10:00.341Z [INFO]: Persisted Complaint for RTU 234 [ID: KMC000107] 
2026-02-13T06:10:00.360Z [INFO]: Persisted Complaint for RTU 259 [ID: KMC000108] 
2026-02-13T06:10:00.378Z [INFO]: Persisted Complaint for RTU 387 [ID: KMC000109] 
2026-02-13T06:10:00.388Z [INFO]: Persisted Complaint for RTU 395 [ID: KMC000110] 
2026-02-13T06:10:00.398Z [INFO]: Persisted Complaint for RTU 443 [ID: KMC000111] 
2026-02-13T06:10:00.408Z [INFO]: Persisted Complaint for RTU 449 [ID: KMC000112] 
2026-02-13T06:10:00.416Z [INFO]: Persisted Complaint for RTU 728 [ID: KMC000113] 
2026-02-13T06:10:00.427Z [INFO]: Persisted Complaint for RTU 1669 [ID: KMC000114] 
2026-02-13T06:10:00.435Z [INFO]: Persisted Complaint for RTU 120 [ID: KMC000115] 
2026-02-13T06:10:00.446Z [INFO]: Persisted Complaint for RTU 131 [ID: KMC000116] 
2026-02-13T06:10:00.455Z [INFO]: Persisted Complaint for RTU 282 [ID: KMC000117] 
2026-02-13T06:10:00.464Z [INFO]: Persisted Complaint for RTU 347 [ID: KMC000118] 
2026-02-13T06:10:00.475Z [INFO]: Persisted Complaint for RTU 626 [ID: KMC000119] 
2026-02-13T06:10:00.484Z [INFO]: Persisted Complaint for RTU 1273 [ID: KMC000120] 
2026-02-13T06:10:00.495Z [INFO]: Persisted Complaint for RTU 2125 [ID: KMC000121] 
2026-02-13T06:10:00.505Z [INFO]: Persisted Complaint for RTU 273 [ID: KMC000122] 
2026-02-13T06:10:00.513Z [INFO]: Persisted Complaint for RTU 2069 [ID: KMC000123] 
2026-02-13T06:10:00.522Z [INFO]: Persisted Complaint for RTU 330 [ID: KMC000124] 
2026-02-13T06:10:00.531Z [INFO]: Persisted Complaint for RTU 32 [ID: KMC000125] 
2026-02-13T06:10:00.540Z [INFO]: Persisted Complaint for RTU 335 [ID: KMC000126] 
2026-02-13T06:10:00.549Z [INFO]: Persisted Complaint for RTU 1310 [ID: KMC000127] 
2026-02-13T06:10:00.559Z [INFO]: Persisted Complaint for RTU 701 [ID: KMC000128] 
2026-02-13T06:10:00.568Z [INFO]: Persisted Complaint for RTU 1507 [ID: KMC000129] 
2026-02-13T06:10:00.578Z [INFO]: Persisted Complaint for RTU 1619 [ID: KMC000130] 
2026-02-13T06:10:00.589Z [INFO]: Persisted Complaint for RTU 1404 [ID: KMC000131] 
2026-02-13T06:10:00.599Z [INFO]: Persisted Complaint for RTU 2081 [ID: KMC000132] 
2026-02-13T06:10:00.610Z [INFO]: Persisted Complaint for RTU 2062 [ID: KMC000133] 
2026-02-13T06:10:00.620Z [INFO]: Persisted Complaint for RTU 2102 [ID: KMC000134] 
2026-02-13T06:10:00.631Z [INFO]: Persisted Complaint for RTU 2056 [ID: KMC000135] 
2026-02-13T06:10:00.643Z [INFO]: Persisted Complaint for RTU 1372 [ID: KMC000136] 
2026-02-13T06:10:00.651Z [INFO]: Persisted Complaint for RTU 2097 [ID: KMC000137] 
2026-02-13T06:10:00.661Z [INFO]: Persisted Complaint for RTU 74 [ID: KMC000138] 
2026-02-13T06:10:00.669Z [INFO]: Persisted Complaint for RTU 437 [ID: KMC000139] 
2026-02-13T06:10:00.679Z [INFO]: Persisted Complaint for RTU 2083 [ID: KMC000140] 
2026-02-13T06:10:00.691Z [INFO]: Persisted Complaint for RTU 1510 [ID: KMC000141] 
2026-02-13T06:10:00.700Z [INFO]: Persisted Complaint for RTU 592 [ID: KMC000142] 
2026-02-13T06:10:00.711Z [INFO]: Persisted Complaint for RTU 689 [ID: KMC000143] 
2026-02-13T06:10:00.722Z [INFO]: Persisted Complaint for RTU 2090 [ID: KMC000144] 
2026-02-13T06:10:00.732Z [INFO]: Persisted Complaint for RTU 1263 [ID: KMC000145] 
2026-02-13T06:10:00.742Z [INFO]: Persisted Complaint for RTU 1166 [ID: KMC000146] 
2026-02-13T06:10:00.752Z [INFO]: Persisted Complaint for RTU 771 [ID: KMC000147] 
2026-02-13T06:10:00.762Z [INFO]: Persisted Complaint for RTU 17 [ID: KMC000148] 
2026-02-13T06:10:00.772Z [INFO]: Persisted Complaint for RTU 167 [ID: KMC000149] 
2026-02-13T06:10:00.781Z [INFO]: Persisted Complaint for RTU 1511 [ID: KMC000150] 
2026-02-13T06:10:00.792Z [INFO]: Persisted Complaint for RTU 1508 [ID: KMC000151] 
2026-02-13T06:10:00.801Z [INFO]: Persisted Complaint for RTU 1684 [ID: KMC000152] 
2026-02-13T06:10:00.812Z [INFO]: Persisted Complaint for RTU 1694 [ID: KMC000153] 
2026-02-13T06:10:00.822Z [INFO]: Persisted Complaint for RTU 1463 [ID: KMC000154] 
2026-02-13T06:10:00.832Z [INFO]: Persisted Complaint for RTU 1490 [ID: KMC000155] 
2026-02-13T06:10:00.842Z [INFO]: Persisted Complaint for RTU 217 [ID: KMC000156] 
2026-02-13T06:10:00.853Z [INFO]: Persisted Complaint for RTU 793 [ID: KMC000157] 
2026-02-13T06:10:00.864Z [INFO]: Persisted Complaint for RTU 550 [ID: KMC000158] 
2026-02-13T06:10:00.872Z [INFO]: Persisted Complaint for RTU 1152 [ID: KMC000159] 
2026-02-13T06:10:00.881Z [INFO]: Persisted Complaint for RTU 1154 [ID: KMC000160] 
2026-02-13T06:10:00.890Z [INFO]: Persisted Complaint for RTU 1283 [ID: KMC000161] 
2026-02-13T06:10:00.900Z [INFO]: Persisted Complaint for RTU 1285 [ID: KMC000162] 
2026-02-13T06:10:00.911Z [INFO]: Persisted Complaint for RTU 1407 [ID: KMC000163] 
2026-02-13T06:10:00.921Z [INFO]: Persisted Complaint for RTU 1647 [ID: KMC000164] 
2026-02-13T06:10:00.931Z [INFO]: Persisted Complaint for RTU 2033 [ID: KMC000165] 
2026-02-13T06:10:00.942Z [INFO]: Persisted Complaint for RTU 374 [ID: KMC000166] 
2026-02-13T06:10:00.952Z [INFO]: Persisted Complaint for RTU 1607 [ID: KMC000167] 
2026-02-13T06:10:00.963Z [INFO]: Persisted Complaint for RTU 874 [ID: KMC000168] 
2026-02-13T06:10:00.974Z [INFO]: Persisted Complaint for RTU 1391 [ID: KMC000169] 
2026-02-13T06:10:00.977Z [WARN]: Skipping Complaint for RTU 169: Active complaint KMC000153 exists. 
2026-02-13T06:10:00.987Z [INFO]: Persisted Complaint for RTU 2059 [ID: KMC000170] 
2026-02-13T06:10:00.998Z [INFO]: Persisted Complaint for RTU 1431 [ID: KMC000171] 
2026-02-13T06:10:01.008Z [INFO]: Persisted Complaint for RTU 192 [ID: KMC000172] 
2026-02-13T06:10:01.015Z [INFO]: Persisted Complaint for RTU 258 [ID: KMC000173] 
2026-02-13T06:10:01.024Z [INFO]: Persisted Complaint for RTU 314 [ID: KMC000174] 
2026-02-13T06:10:01.032Z [INFO]: Persisted Complaint for RTU 95 [ID: KMC000175] 
2026-02-13T06:10:01.042Z [INFO]: Persisted Complaint for RTU 524 [ID: KMC000176] 
2026-02-13T06:10:01.052Z [INFO]: Persisted Complaint for RTU 1011 [ID: KMC000177] 
2026-02-13T06:10:01.063Z [INFO]: Persisted Complaint for RTU 538 [ID: KMC000178] 
2026-02-13T06:10:01.073Z [INFO]: Persisted Complaint for RTU 272 [ID: KMC000179] 
2026-02-13T06:10:01.082Z [INFO]: Persisted Complaint for RTU 507 [ID: KMC000180] 
2026-02-13T06:10:01.084Z [WARN]: Skipping Complaint for RTU 21: Active complaint KMC000121 exists. 
2026-02-13T06:10:01.093Z [INFO]: Persisted Complaint for RTU 1455 [ID: KMC000181] 
2026-02-13T06:10:01.102Z [INFO]: Persisted Complaint for RTU 256 [ID: KMC000182] 
2026-02-13T06:10:01.114Z [INFO]: Persisted Complaint for RTU 695 [ID: KMC000183] 
2026-02-13T06:10:01.123Z [INFO]: Persisted Complaint for RTU 1270 [ID: KMC000184] 
2026-02-13T06:10:01.133Z [INFO]: Persisted Complaint for RTU 468 [ID: KMC000185] 
2026-02-13T06:10:01.143Z [INFO]: Persisted Complaint for RTU 1415 [ID: KMC000186] 
2026-02-13T06:10:01.151Z [INFO]: Persisted Complaint for RTU 2117 [ID: KMC000187] 
2026-02-13T06:10:01.163Z [INFO]: Persisted Complaint for RTU 60 [ID: KMC000188] 
2026-02-13T06:10:01.173Z [INFO]: Persisted Complaint for RTU 85 [ID: KMC000189] 
2026-02-13T06:10:01.184Z [INFO]: Persisted Complaint for RTU 269 [ID: KMC000190] 
2026-02-13T06:10:01.196Z [INFO]: Persisted Complaint for RTU 274 [ID: KMC000191] 
2026-02-13T06:10:01.205Z [INFO]: Persisted Complaint for RTU 656 [ID: KMC000192] 
2026-02-13T06:10:01.215Z [INFO]: Persisted Complaint for RTU 1258 [ID: KMC000193] 
2026-02-13T06:10:01.218Z [WARN]: Skipping Complaint for RTU 1258: Active complaint KMC000193 exists. 
2026-02-13T06:10:01.228Z [INFO]: Persisted Complaint for RTU 2060 [ID: KMC000194] 
2026-02-13T06:10:01.238Z [INFO]: Persisted Complaint for RTU 801 [ID: KMC000195] 
2026-02-13T06:10:01.248Z [INFO]: Persisted Complaint for RTU 1200 [ID: KMC000196] 
2026-02-13T06:10:01.257Z [INFO]: Persisted Complaint for RTU 2054 [ID: KMC000197] 
2026-02-13T06:10:01.266Z [INFO]: Persisted Complaint for RTU 257 [ID: KMC000198] 
2026-02-13T06:10:01.276Z [INFO]: Persisted Complaint for RTU 1446 [ID: KMC000199] 
2026-02-13T06:10:01.284Z [INFO]: Persisted Complaint for RTU 1526 [ID: KMC000200] 
2026-02-13T06:10:01.294Z [INFO]: Persisted Complaint for RTU 1539 [ID: KMC000201] 
2026-02-13T06:10:01.302Z [INFO]: Persisted Complaint for RTU 1600 [ID: KMC000202] 
2026-02-13T06:10:01.305Z [INFO]: --- V2 Sync Job Completed --- 
2026-02-13T06:13:15.122Z [INFO]: Connected to Source SQL Server 
2026-02-13T06:13:15.123Z [INFO]: Starting Scheduler: */1 * * * * 
2026-02-13T06:14:00.010Z [INFO]: --- Starting V2 Sync Job --- 
2026-02-13T06:14:00.058Z [INFO]: Sync Window Start: 2026-02-13T06:10:01.303Z 
2026-02-13T06:14:00.058Z [INFO]: Starting Rule Engine Evaluation... 
2026-02-13T06:14:00.247Z [INFO]: Raw Detection: Power=19, Comm=66, Trip=13, Lamp=15 
2026-02-13T06:14:00.248Z [INFO]: Actionable Summary: {"POWER_FAIL":19,"COMMUNICATION_FAIL":65,"SINGLE_PHASE_TRIP":10,"THREE_PHASE_TRIP":3,"LAMP_FAILURE":6} 
2026-02-13T06:14:00.248Z [INFO]: Generated 103 actionable complaints. 
2026-02-13T06:14:00.248Z [INFO]: Generated 103 actionable complaints. 
2026-02-13T06:14:00.307Z [INFO]: Persisted Complaint for RTU 120 [ID: KMC000106] 
2026-02-13T06:14:00.316Z [INFO]: Persisted Complaint for RTU 234 [ID: KMC000107] 
2026-02-13T06:14:00.326Z [INFO]: Persisted Complaint for RTU 259 [ID: KMC000108] 
2026-02-13T06:14:00.340Z [INFO]: Persisted Complaint for RTU 387 [ID: KMC000109] 
2026-02-13T06:14:00.352Z [INFO]: Persisted Complaint for RTU 395 [ID: KMC000110] 
2026-02-13T06:14:00.365Z [INFO]: Persisted Complaint for RTU 443 [ID: KMC000111] 
2026-02-13T06:14:00.374Z [INFO]: Persisted Complaint for RTU 449 [ID: KMC000112] 
2026-02-13T06:14:00.386Z [INFO]: Persisted Complaint for RTU 537 [ID: KMC000113] 
2026-02-13T06:14:00.396Z [INFO]: Persisted Complaint for RTU 728 [ID: KMC000114] 
2026-02-13T06:14:00.405Z [INFO]: Persisted Complaint for RTU 1225 [ID: KMC000115] 
2026-02-13T06:14:00.414Z [INFO]: Persisted Complaint for RTU 1480 [ID: KMC000116] 
2026-02-13T06:14:00.423Z [INFO]: Persisted Complaint for RTU 1485 [ID: KMC000117] 
2026-02-13T06:14:00.435Z [INFO]: Persisted Complaint for RTU 1669 [ID: KMC000118] 
2026-02-13T06:14:00.444Z [INFO]: Persisted Complaint for RTU 224 [ID: KMC000119] 
2026-02-13T06:14:00.453Z [INFO]: Persisted Complaint for RTU 282 [ID: KMC000120] 
2026-02-13T06:14:00.462Z [INFO]: Persisted Complaint for RTU 347 [ID: KMC000121] 
2026-02-13T06:14:00.470Z [INFO]: Persisted Complaint for RTU 626 [ID: KMC000122] 
2026-02-13T06:14:00.477Z [INFO]: Persisted Complaint for RTU 1273 [ID: KMC000123] 
2026-02-13T06:14:00.485Z [INFO]: Persisted Complaint for RTU 2125 [ID: KMC000124] 
2026-02-13T06:14:00.494Z [INFO]: Persisted Complaint for RTU 273 [ID: KMC000125] 
2026-02-13T06:14:00.504Z [INFO]: Persisted Complaint for RTU 2069 [ID: KMC000126] 
2026-02-13T06:14:00.514Z [INFO]: Persisted Complaint for RTU 330 [ID: KMC000127] 
2026-02-13T06:14:00.524Z [INFO]: Persisted Complaint for RTU 32 [ID: KMC000128] 
2026-02-13T06:14:00.534Z [INFO]: Persisted Complaint for RTU 335 [ID: KMC000129] 
2026-02-13T06:14:00.544Z [INFO]: Persisted Complaint for RTU 1310 [ID: KMC000130] 
2026-02-13T06:14:00.554Z [INFO]: Persisted Complaint for RTU 701 [ID: KMC000131] 
2026-02-13T06:14:00.564Z [INFO]: Persisted Complaint for RTU 1507 [ID: KMC000132] 
2026-02-13T06:14:00.573Z [INFO]: Persisted Complaint for RTU 1619 [ID: KMC000133] 
2026-02-13T06:14:00.584Z [INFO]: Persisted Complaint for RTU 1404 [ID: KMC000134] 
2026-02-13T06:14:00.594Z [INFO]: Persisted Complaint for RTU 2081 [ID: KMC000135] 
2026-02-13T06:14:00.604Z [INFO]: Persisted Complaint for RTU 2062 [ID: KMC000136] 
2026-02-13T06:14:00.615Z [INFO]: Persisted Complaint for RTU 2102 [ID: KMC000137] 
2026-02-13T06:14:00.626Z [INFO]: Persisted Complaint for RTU 2056 [ID: KMC000138] 
2026-02-13T06:14:00.636Z [INFO]: Persisted Complaint for RTU 1372 [ID: KMC000139] 
2026-02-13T06:14:00.645Z [INFO]: Persisted Complaint for RTU 2097 [ID: KMC000140] 
2026-02-13T06:14:00.654Z [INFO]: Persisted Complaint for RTU 74 [ID: KMC000141] 
2026-02-13T06:14:00.663Z [INFO]: Persisted Complaint for RTU 437 [ID: KMC000142] 
2026-02-13T06:14:00.672Z [INFO]: Persisted Complaint for RTU 2083 [ID: KMC000143] 
2026-02-13T06:14:00.683Z [INFO]: Persisted Complaint for RTU 1510 [ID: KMC000144] 
2026-02-13T06:14:00.693Z [INFO]: Persisted Complaint for RTU 592 [ID: KMC000145] 
2026-02-13T06:14:00.703Z [INFO]: Persisted Complaint for RTU 689 [ID: KMC000146] 
2026-02-13T06:14:00.711Z [INFO]: Persisted Complaint for RTU 2090 [ID: KMC000147] 
2026-02-13T06:14:00.721Z [INFO]: Persisted Complaint for RTU 1263 [ID: KMC000148] 
2026-02-13T06:14:00.732Z [INFO]: Persisted Complaint for RTU 1166 [ID: KMC000149] 
2026-02-13T06:14:00.740Z [INFO]: Persisted Complaint for RTU 771 [ID: KMC000150] 
2026-02-13T06:14:00.750Z [INFO]: Persisted Complaint for RTU 17 [ID: KMC000151] 
2026-02-13T06:14:00.760Z [INFO]: Persisted Complaint for RTU 167 [ID: KMC000152] 
2026-02-13T06:14:00.770Z [INFO]: Persisted Complaint for RTU 1511 [ID: KMC000153] 
2026-02-13T06:14:00.781Z [INFO]: Persisted Complaint for RTU 1508 [ID: KMC000154] 
2026-02-13T06:14:00.791Z [INFO]: Persisted Complaint for RTU 1684 [ID: KMC000155] 
2026-02-13T06:14:00.803Z [INFO]: Persisted Complaint for RTU 1694 [ID: KMC000156] 
2026-02-13T06:14:00.813Z [INFO]: Persisted Complaint for RTU 1463 [ID: KMC000157] 
2026-02-13T06:14:00.823Z [INFO]: Persisted Complaint for RTU 1490 [ID: KMC000158] 
2026-02-13T06:14:00.834Z [INFO]: Persisted Complaint for RTU 217 [ID: KMC000159] 
2026-02-13T06:14:00.843Z [INFO]: Persisted Complaint for RTU 793 [ID: KMC000160] 
2026-02-13T06:14:00.857Z [INFO]: Persisted Complaint for RTU 550 [ID: KMC000161] 
2026-02-13T06:14:00.867Z [INFO]: Persisted Complaint for RTU 1152 [ID: KMC000162] 
2026-02-13T06:14:00.877Z [INFO]: Persisted Complaint for RTU 1154 [ID: KMC000163] 
2026-02-13T06:14:00.888Z [INFO]: Persisted Complaint for RTU 1283 [ID: KMC000164] 
2026-02-13T06:14:00.898Z [INFO]: Persisted Complaint for RTU 1285 [ID: KMC000165] 
2026-02-13T06:14:00.909Z [INFO]: Persisted Complaint for RTU 1407 [ID: KMC000166] 
2026-02-13T06:14:00.921Z [INFO]: Persisted Complaint for RTU 1647 [ID: KMC000167] 
2026-02-13T06:14:00.931Z [INFO]: Persisted Complaint for RTU 2033 [ID: KMC000168] 
2026-02-13T06:14:00.940Z [INFO]: Persisted Complaint for RTU 374 [ID: KMC000169] 
2026-02-13T06:14:00.950Z [INFO]: Persisted Complaint for RTU 1607 [ID: KMC000170] 
2026-02-13T06:14:00.961Z [INFO]: Persisted Complaint for RTU 874 [ID: KMC000171] 
2026-02-13T06:14:00.971Z [INFO]: Persisted Complaint for RTU 1391 [ID: KMC000172] 
2026-02-13T06:14:00.974Z [WARN]: Skipping Complaint for RTU 169: Active complaint KMC000156 exists. 
2026-02-13T06:14:00.984Z [INFO]: Persisted Complaint for RTU 2059 [ID: KMC000173] 
2026-02-13T06:14:00.994Z [INFO]: Persisted Complaint for RTU 1431 [ID: KMC000174] 
2026-02-13T06:14:01.004Z [INFO]: Persisted Complaint for RTU 192 [ID: KMC000175] 
2026-02-13T06:14:01.016Z [INFO]: Persisted Complaint for RTU 258 [ID: KMC000176] 
2026-02-13T06:14:01.025Z [INFO]: Persisted Complaint for RTU 314 [ID: KMC000177] 
2026-02-13T06:14:01.035Z [INFO]: Persisted Complaint for RTU 95 [ID: KMC000178] 
2026-02-13T06:14:01.043Z [INFO]: Persisted Complaint for RTU 524 [ID: KMC000179] 
2026-02-13T06:14:01.052Z [INFO]: Persisted Complaint for RTU 1011 [ID: KMC000180] 
2026-02-13T06:14:01.061Z [INFO]: Persisted Complaint for RTU 538 [ID: KMC000181] 
2026-02-13T06:14:01.070Z [INFO]: Persisted Complaint for RTU 272 [ID: KMC000182] 
2026-02-13T06:14:01.078Z [INFO]: Persisted Complaint for RTU 507 [ID: KMC000183] 
2026-02-13T06:14:01.081Z [WARN]: Skipping Complaint for RTU 21: Active complaint KMC000124 exists. 
2026-02-13T06:14:01.090Z [INFO]: Persisted Complaint for RTU 1455 [ID: KMC000184] 
2026-02-13T06:14:01.099Z [INFO]: Persisted Complaint for RTU 256 [ID: KMC000185] 
2026-02-13T06:14:01.107Z [INFO]: Persisted Complaint for RTU 695 [ID: KMC000186] 
2026-02-13T06:14:01.117Z [INFO]: Persisted Complaint for RTU 1270 [ID: KMC000187] 
2026-02-13T06:14:01.125Z [INFO]: Persisted Complaint for RTU 468 [ID: KMC000188] 
2026-02-13T06:14:01.134Z [INFO]: Persisted Complaint for RTU 1415 [ID: KMC000189] 
2026-02-13T06:14:01.143Z [INFO]: Persisted Complaint for RTU 2117 [ID: KMC000190] 
2026-02-13T06:14:01.153Z [INFO]: Persisted Complaint for RTU 60 [ID: KMC000191] 
2026-02-13T06:14:01.163Z [INFO]: Persisted Complaint for RTU 85 [ID: KMC000192] 
2026-02-13T06:14:01.174Z [INFO]: Persisted Complaint for RTU 269 [ID: KMC000193] 
2026-02-13T06:14:01.185Z [INFO]: Persisted Complaint for RTU 274 [ID: KMC000194] 
2026-02-13T06:14:01.193Z [INFO]: Persisted Complaint for RTU 656 [ID: KMC000195] 
2026-02-13T06:14:01.204Z [INFO]: Persisted Complaint for RTU 1258 [ID: KMC000196] 
2026-02-13T06:14:01.206Z [WARN]: Skipping Complaint for RTU 1258: Active complaint KMC000196 exists. 
2026-02-13T06:14:01.215Z [INFO]: Persisted Complaint for RTU 2060 [ID: KMC000197] 
2026-02-13T06:14:01.224Z [INFO]: Persisted Complaint for RTU 801 [ID: KMC000198] 
2026-02-13T06:14:01.234Z [INFO]: Persisted Complaint for RTU 1200 [ID: KMC000199] 
2026-02-13T06:14:01.243Z [INFO]: Persisted Complaint for RTU 2054 [ID: KMC000200] 
2026-02-13T06:14:01.245Z [WARN]: Skipping Complaint for RTU 131: Active complaint KMC000130 exists. 
2026-02-13T06:14:01.255Z [INFO]: Persisted Complaint for RTU 257 [ID: KMC000201] 
2026-02-13T06:14:01.265Z [INFO]: Persisted Complaint for RTU 1446 [ID: KMC000202] 
2026-02-13T06:14:01.273Z [INFO]: Persisted Complaint for RTU 1526 [ID: KMC000203] 
2026-02-13T06:14:01.283Z [INFO]: Persisted Complaint for RTU 1539 [ID: KMC000204] 
2026-02-13T06:14:01.287Z [INFO]: --- V2 Sync Job Completed --- 
2026-02-13T06:17:30.628Z [INFO]: Connected to Source SQL Server 
2026-02-13T06:17:30.629Z [INFO]: Starting Scheduler: */1 * * * * 
2026-02-13T06:18:00.010Z [INFO]: --- Starting V2 Sync Job --- 
2026-02-13T06:18:00.054Z [INFO]: Sync Window Start: 2026-02-13T06:14:01.284Z 
2026-02-13T06:18:00.055Z [INFO]: Starting Rule Engine Evaluation... 
2026-02-13T06:18:00.274Z [INFO]: Raw Detection: Power=20, Comm=68, Trip=13, Lamp=14 
2026-02-13T06:18:00.275Z [INFO]: Actionable Summary: {"POWER_FAIL":20,"COMMUNICATION_FAIL":67,"SINGLE_PHASE_TRIP":10,"LAMP_FAILURE":5,"THREE_PHASE_TRIP":3} 
2026-02-13T06:18:00.275Z [INFO]: Generated 105 actionable complaints. 
2026-02-13T06:18:00.275Z [INFO]: Generated 105 actionable complaints. 
2026-02-13T06:18:00.336Z [INFO]: Persisted Complaint for RTU 120 [ID: KMC000106] 
2026-02-13T06:18:00.346Z [INFO]: Persisted Complaint for RTU 224 [ID: KMC000107] 
2026-02-13T06:18:00.356Z [INFO]: Persisted Complaint for RTU 279 [ID: KMC000108] 
2026-02-13T06:18:00.366Z [INFO]: Persisted Complaint for RTU 282 [ID: KMC000109] 
2026-02-13T06:18:00.377Z [INFO]: Persisted Complaint for RTU 347 [ID: KMC000110] 
2026-02-13T06:18:00.389Z [INFO]: Persisted Complaint for RTU 441 [ID: KMC000111] 
2026-02-13T06:18:00.398Z [INFO]: Persisted Complaint for RTU 443 [ID: KMC000112] 
2026-02-13T06:18:00.408Z [INFO]: Persisted Complaint for RTU 449 [ID: KMC000113] 
2026-02-13T06:18:00.417Z [INFO]: Persisted Complaint for RTU 626 [ID: KMC000114] 
2026-02-13T06:18:00.426Z [INFO]: Persisted Complaint for RTU 1273 [ID: KMC000115] 
2026-02-13T06:18:00.434Z [INFO]: Persisted Complaint for RTU 234 [ID: KMC000116] 
2026-02-13T06:18:00.443Z [INFO]: Persisted Complaint for RTU 259 [ID: KMC000117] 
2026-02-13T06:18:00.452Z [INFO]: Persisted Complaint for RTU 387 [ID: KMC000118] 
2026-02-13T06:18:00.462Z [INFO]: Persisted Complaint for RTU 395 [ID: KMC000119] 
2026-02-13T06:18:00.472Z [INFO]: Persisted Complaint for RTU 537 [ID: KMC000120] 
2026-02-13T06:18:00.481Z [INFO]: Persisted Complaint for RTU 728 [ID: KMC000121] 
2026-02-13T06:18:00.490Z [INFO]: Persisted Complaint for RTU 1225 [ID: KMC000122] 
2026-02-13T06:18:00.500Z [INFO]: Persisted Complaint for RTU 1480 [ID: KMC000123] 
2026-02-13T06:18:00.510Z [INFO]: Persisted Complaint for RTU 1485 [ID: KMC000124] 
2026-02-13T06:18:00.520Z [INFO]: Persisted Complaint for RTU 2125 [ID: KMC000125] 
2026-02-13T06:18:00.529Z [INFO]: Persisted Complaint for RTU 214 [ID: KMC000126] 
2026-02-13T06:18:00.541Z [INFO]: Persisted Complaint for RTU 407 [ID: KMC000127] 
2026-02-13T06:18:00.559Z [INFO]: Persisted Complaint for RTU 273 [ID: KMC000128] 
2026-02-13T06:18:00.568Z [INFO]: Persisted Complaint for RTU 2069 [ID: KMC000129] 
2026-02-13T06:18:00.577Z [INFO]: Persisted Complaint for RTU 330 [ID: KMC000130] 
2026-02-13T06:18:00.586Z [INFO]: Persisted Complaint for RTU 32 [ID: KMC000131] 
2026-02-13T06:18:00.595Z [INFO]: Persisted Complaint for RTU 335 [ID: KMC000132] 
2026-02-13T06:18:00.605Z [INFO]: Persisted Complaint for RTU 1310 [ID: KMC000133] 
2026-02-13T06:18:00.613Z [INFO]: Persisted Complaint for RTU 701 [ID: KMC000134] 
2026-02-13T06:18:00.623Z [INFO]: Persisted Complaint for RTU 1507 [ID: KMC000135] 
2026-02-13T06:18:00.631Z [INFO]: Persisted Complaint for RTU 1619 [ID: KMC000136] 
2026-02-13T06:18:00.642Z [INFO]: Persisted Complaint for RTU 1404 [ID: KMC000137] 
2026-02-13T06:18:00.650Z [INFO]: Persisted Complaint for RTU 2081 [ID: KMC000138] 
2026-02-13T06:18:00.659Z [INFO]: Persisted Complaint for RTU 2062 [ID: KMC000139] 
2026-02-13T06:18:00.668Z [INFO]: Persisted Complaint for RTU 2102 [ID: KMC000140] 
2026-02-13T06:18:00.677Z [INFO]: Persisted Complaint for RTU 2056 [ID: KMC000141] 
2026-02-13T06:18:00.686Z [INFO]: Persisted Complaint for RTU 1372 [ID: KMC000142] 
2026-02-13T06:18:00.695Z [INFO]: Persisted Complaint for RTU 2097 [ID: KMC000143] 
2026-02-13T06:18:00.704Z [INFO]: Persisted Complaint for RTU 74 [ID: KMC000144] 
2026-02-13T06:18:00.712Z [INFO]: Persisted Complaint for RTU 437 [ID: KMC000145] 
2026-02-13T06:18:00.722Z [INFO]: Persisted Complaint for RTU 2083 [ID: KMC000146] 
2026-02-13T06:18:00.731Z [INFO]: Persisted Complaint for RTU 1510 [ID: KMC000147] 
2026-02-13T06:18:00.742Z [INFO]: Persisted Complaint for RTU 592 [ID: KMC000148] 
2026-02-13T06:18:00.752Z [INFO]: Persisted Complaint for RTU 689 [ID: KMC000149] 
2026-02-13T06:18:00.761Z [INFO]: Persisted Complaint for RTU 2090 [ID: KMC000150] 
2026-02-13T06:18:00.771Z [INFO]: Persisted Complaint for RTU 1263 [ID: KMC000151] 
2026-02-13T06:18:00.779Z [INFO]: Persisted Complaint for RTU 771 [ID: KMC000152] 
2026-02-13T06:18:00.789Z [INFO]: Persisted Complaint for RTU 17 [ID: KMC000153] 
2026-02-13T06:18:00.797Z [INFO]: Persisted Complaint for RTU 167 [ID: KMC000154] 
2026-02-13T06:18:00.807Z [INFO]: Persisted Complaint for RTU 1166 [ID: KMC000155] 
2026-02-13T06:18:00.816Z [INFO]: Persisted Complaint for RTU 1511 [ID: KMC000156] 
2026-02-13T06:18:00.826Z [INFO]: Persisted Complaint for RTU 1508 [ID: KMC000157] 
2026-02-13T06:18:00.834Z [INFO]: Persisted Complaint for RTU 1684 [ID: KMC000158] 
2026-02-13T06:18:00.844Z [INFO]: Persisted Complaint for RTU 1694 [ID: KMC000159] 
2026-02-13T06:18:00.853Z [INFO]: Persisted Complaint for RTU 1463 [ID: KMC000160] 
2026-02-13T06:18:00.864Z [INFO]: Persisted Complaint for RTU 1490 [ID: KMC000161] 
2026-02-13T06:18:00.875Z [INFO]: Persisted Complaint for RTU 217 [ID: KMC000162] 
2026-02-13T06:18:00.885Z [INFO]: Persisted Complaint for RTU 793 [ID: KMC000163] 
2026-02-13T06:18:00.896Z [INFO]: Persisted Complaint for RTU 550 [ID: KMC000164] 
2026-02-13T06:18:00.907Z [INFO]: Persisted Complaint for RTU 1283 [ID: KMC000165] 
2026-02-13T06:18:00.916Z [INFO]: Persisted Complaint for RTU 1285 [ID: KMC000166] 
2026-02-13T06:18:00.926Z [INFO]: Persisted Complaint for RTU 1152 [ID: KMC000167] 
2026-02-13T06:18:00.934Z [INFO]: Persisted Complaint for RTU 1154 [ID: KMC000168] 
2026-02-13T06:18:00.944Z [INFO]: Persisted Complaint for RTU 1407 [ID: KMC000169] 
2026-02-13T06:18:00.953Z [INFO]: Persisted Complaint for RTU 1647 [ID: KMC000170] 
2026-02-13T06:18:00.962Z [INFO]: Persisted Complaint for RTU 2033 [ID: KMC000171] 
2026-02-13T06:18:00.971Z [INFO]: Persisted Complaint for RTU 374 [ID: KMC000172] 
2026-02-13T06:18:00.980Z [INFO]: Persisted Complaint for RTU 1607 [ID: KMC000173] 
2026-02-13T06:18:00.989Z [INFO]: Persisted Complaint for RTU 874 [ID: KMC000174] 
2026-02-13T06:18:00.998Z [INFO]: Persisted Complaint for RTU 1391 [ID: KMC000175] 
2026-02-13T06:18:01.000Z [WARN]: Skipping Complaint for RTU 169: Active complaint KMC000159 exists. 
2026-02-13T06:18:01.009Z [INFO]: Persisted Complaint for RTU 2059 [ID: KMC000176] 
2026-02-13T06:18:01.017Z [INFO]: Persisted Complaint for RTU 1431 [ID: KMC000177] 
2026-02-13T06:18:01.027Z [INFO]: Persisted Complaint for RTU 192 [ID: KMC000178] 
2026-02-13T06:18:01.035Z [INFO]: Persisted Complaint for RTU 258 [ID: KMC000179] 
2026-02-13T06:18:01.045Z [INFO]: Persisted Complaint for RTU 314 [ID: KMC000180] 
2026-02-13T06:18:01.054Z [INFO]: Persisted Complaint for RTU 95 [ID: KMC000181] 
2026-02-13T06:18:01.063Z [INFO]: Persisted Complaint for RTU 524 [ID: KMC000182] 
2026-02-13T06:18:01.072Z [INFO]: Persisted Complaint for RTU 1011 [ID: KMC000183] 
2026-02-13T06:18:01.081Z [INFO]: Persisted Complaint for RTU 538 [ID: KMC000184] 
2026-02-13T06:18:01.090Z [INFO]: Persisted Complaint for RTU 272 [ID: KMC000185] 
2026-02-13T06:18:01.098Z [INFO]: Persisted Complaint for RTU 507 [ID: KMC000186] 
2026-02-13T06:18:01.101Z [WARN]: Skipping Complaint for RTU 21: Active complaint KMC000125 exists. 
2026-02-13T06:18:01.110Z [INFO]: Persisted Complaint for RTU 1455 [ID: KMC000187] 
2026-02-13T06:18:01.118Z [INFO]: Persisted Complaint for RTU 256 [ID: KMC000188] 
2026-02-13T06:18:01.127Z [INFO]: Persisted Complaint for RTU 695 [ID: KMC000189] 
2026-02-13T06:18:01.136Z [INFO]: Persisted Complaint for RTU 1270 [ID: KMC000190] 
2026-02-13T06:18:01.145Z [INFO]: Persisted Complaint for RTU 60 [ID: KMC000191] 
2026-02-13T06:18:01.154Z [INFO]: Persisted Complaint for RTU 85 [ID: KMC000192] 
2026-02-13T06:18:01.162Z [INFO]: Persisted Complaint for RTU 269 [ID: KMC000193] 
2026-02-13T06:18:01.171Z [INFO]: Persisted Complaint for RTU 274 [ID: KMC000194] 
2026-02-13T06:18:01.180Z [INFO]: Persisted Complaint for RTU 656 [ID: KMC000195] 
2026-02-13T06:18:01.190Z [INFO]: Persisted Complaint for RTU 1258 [ID: KMC000196] 
2026-02-13T06:18:01.193Z [WARN]: Skipping Complaint for RTU 1258: Active complaint KMC000196 exists. 
2026-02-13T06:18:01.201Z [INFO]: Persisted Complaint for RTU 2060 [ID: KMC000197] 
2026-02-13T06:18:01.210Z [INFO]: Persisted Complaint for RTU 468 [ID: KMC000198] 
2026-02-13T06:18:01.219Z [INFO]: Persisted Complaint for RTU 1415 [ID: KMC000199] 
2026-02-13T06:18:01.229Z [INFO]: Persisted Complaint for RTU 2117 [ID: KMC000200] 
2026-02-13T06:18:01.239Z [INFO]: Persisted Complaint for RTU 801 [ID: KMC000201] 
2026-02-13T06:18:01.248Z [INFO]: Persisted Complaint for RTU 1200 [ID: KMC000202] 
2026-02-13T06:18:01.256Z [INFO]: Persisted Complaint for RTU 2054 [ID: KMC000203] 
2026-02-13T06:18:01.264Z [INFO]: Persisted Complaint for RTU 257 [ID: KMC000204] 
2026-02-13T06:18:01.274Z [INFO]: Persisted Complaint for RTU 1274 [ID: KMC000205] 
2026-02-13T06:18:01.282Z [INFO]: Persisted Complaint for RTU 1446 [ID: KMC000206] 
2026-02-13T06:18:01.293Z [INFO]: Persisted Complaint for RTU 1539 [ID: KMC000207] 
2026-02-13T06:18:01.297Z [INFO]: --- V2 Sync Job Completed --- 
2026-02-13T07:05:21.550Z [INFO]: Connected to Source SQL Server 
2026-02-13T07:05:21.552Z [INFO]: Starting Scheduler: */1 * * * * 
2026-02-13T07:06:00.011Z [INFO]: --- Starting V2 Sync Job --- 
2026-02-13T07:06:00.065Z [INFO]: Sync Window Start: 2026-02-13T06:18:01.294Z 
2026-02-13T07:06:00.066Z [INFO]: Starting Rule Engine Evaluation... 
2026-02-13T07:06:00.267Z [INFO]: Raw Detection: Power=26, Comm=67, Trip=13, Lamp=16 
2026-02-13T07:06:00.268Z [INFO]: Actionable Summary: {"POWER_FAIL":26,"COMMUNICATION_FAIL":66,"SINGLE_PHASE_TRIP":10,"THREE_PHASE_TRIP":3,"LAMP_FAILURE":3} 
2026-02-13T07:06:00.268Z [INFO]: Generated 108 actionable complaints. 
2026-02-13T07:06:00.268Z [INFO]: Generated 108 actionable complaints. 
2026-02-13T07:06:00.327Z [INFO]: Persisted Complaint for RTU 120 [ID: KMC000106] 
2026-02-13T07:06:00.336Z [INFO]: Persisted Complaint for RTU 163 [ID: KMC000107] 
2026-02-13T07:06:00.346Z [INFO]: Persisted Complaint for RTU 279 [ID: KMC000108] 
2026-02-13T07:06:00.356Z [INFO]: Persisted Complaint for RTU 282 [ID: KMC000109] 
2026-02-13T07:06:00.366Z [INFO]: Persisted Complaint for RTU 283 [ID: KMC000110] 
2026-02-13T07:06:00.376Z [INFO]: Persisted Complaint for RTU 493 [ID: KMC000111] 
2026-02-13T07:06:00.386Z [INFO]: Persisted Complaint for RTU 1236 [ID: KMC000112] 
2026-02-13T07:06:00.395Z [INFO]: Persisted Complaint for RTU 1419 [ID: KMC000113] 
2026-02-13T07:06:00.405Z [INFO]: Persisted Complaint for RTU 1602 [ID: KMC000114] 
2026-02-13T07:06:00.413Z [INFO]: Persisted Complaint for RTU 1695 [ID: KMC000115] 
2026-02-13T07:06:00.423Z [INFO]: Persisted Complaint for RTU 443 [ID: KMC000116] 
2026-02-13T07:06:00.432Z [INFO]: Persisted Complaint for RTU 449 [ID: KMC000117] 
2026-02-13T07:06:00.441Z [INFO]: Persisted Complaint for RTU 626 [ID: KMC000118] 
2026-02-13T07:06:00.449Z [INFO]: Persisted Complaint for RTU 728 [ID: KMC000119] 
2026-02-13T07:06:00.458Z [INFO]: Persisted Complaint for RTU 1273 [ID: KMC000120] 
2026-02-13T07:06:00.466Z [INFO]: Persisted Complaint for RTU 1359 [ID: KMC000121] 
2026-02-13T07:06:00.475Z [INFO]: Persisted Complaint for RTU 1630 [ID: KMC000122] 
2026-02-13T07:06:00.485Z [INFO]: Persisted Complaint for RTU 15 [ID: KMC000123] 
2026-02-13T07:06:00.493Z [INFO]: Persisted Complaint for RTU 83 [ID: KMC000124] 
2026-02-13T07:06:00.503Z [INFO]: Persisted Complaint for RTU 234 [ID: KMC000125] 
2026-02-13T07:06:00.512Z [INFO]: Persisted Complaint for RTU 259 [ID: KMC000126] 
2026-02-13T07:06:00.521Z [INFO]: Persisted Complaint for RTU 387 [ID: KMC000127] 
2026-02-13T07:06:00.530Z [INFO]: Persisted Complaint for RTU 395 [ID: KMC000128] 
2026-02-13T07:06:00.540Z [INFO]: Persisted Complaint for RTU 1307 [ID: KMC000129] 
2026-02-13T07:06:00.549Z [INFO]: Persisted Complaint for RTU 1591 [ID: KMC000130] 
2026-02-13T07:06:00.558Z [INFO]: Persisted Complaint for RTU 2125 [ID: KMC000131] 
2026-02-13T07:06:00.568Z [INFO]: Persisted Complaint for RTU 407 [ID: KMC000132] 
2026-02-13T07:06:00.576Z [INFO]: Persisted Complaint for RTU 273 [ID: KMC000133] 
2026-02-13T07:06:00.586Z [INFO]: Persisted Complaint for RTU 2069 [ID: KMC000134] 
2026-02-13T07:06:00.595Z [INFO]: Persisted Complaint for RTU 330 [ID: KMC000135] 
2026-02-13T07:06:00.605Z [INFO]: Persisted Complaint for RTU 32 [ID: KMC000136] 
2026-02-13T07:06:00.614Z [INFO]: Persisted Complaint for RTU 335 [ID: KMC000137] 
2026-02-13T07:06:00.623Z [INFO]: Persisted Complaint for RTU 1310 [ID: KMC000138] 
2026-02-13T07:06:00.631Z [INFO]: Persisted Complaint for RTU 701 [ID: KMC000139] 
2026-02-13T07:06:00.641Z [INFO]: Persisted Complaint for RTU 1507 [ID: KMC000140] 
2026-02-13T07:06:00.651Z [INFO]: Persisted Complaint for RTU 1619 [ID: KMC000141] 
2026-02-13T07:06:00.660Z [INFO]: Persisted Complaint for RTU 1404 [ID: KMC000142] 
2026-02-13T07:06:00.670Z [INFO]: Persisted Complaint for RTU 2081 [ID: KMC000143] 
2026-02-13T07:06:00.684Z [INFO]: Persisted Complaint for RTU 2062 [ID: KMC000144] 
2026-02-13T07:06:00.694Z [INFO]: Persisted Complaint for RTU 2102 [ID: KMC000145] 
2026-02-13T07:06:00.704Z [INFO]: Persisted Complaint for RTU 2056 [ID: KMC000146] 
2026-02-13T07:06:00.712Z [INFO]: Persisted Complaint for RTU 1372 [ID: KMC000147] 
2026-02-13T07:06:00.723Z [INFO]: Persisted Complaint for RTU 2097 [ID: KMC000148] 
2026-02-13T07:06:00.732Z [INFO]: Persisted Complaint for RTU 74 [ID: KMC000149] 
2026-02-13T07:06:00.741Z [INFO]: Persisted Complaint for RTU 437 [ID: KMC000150] 
2026-02-13T07:06:00.749Z [INFO]: Persisted Complaint for RTU 2083 [ID: KMC000151] 
2026-02-13T07:06:00.757Z [INFO]: Persisted Complaint for RTU 1510 [ID: KMC000152] 
2026-02-13T07:06:00.765Z [INFO]: Persisted Complaint for RTU 592 [ID: KMC000153] 
2026-02-13T07:06:00.774Z [INFO]: Persisted Complaint for RTU 689 [ID: KMC000154] 
2026-02-13T07:06:00.782Z [INFO]: Persisted Complaint for RTU 2090 [ID: KMC000155] 
2026-02-13T07:06:00.791Z [INFO]: Persisted Complaint for RTU 1263 [ID: KMC000156] 
2026-02-13T07:06:00.801Z [INFO]: Persisted Complaint for RTU 771 [ID: KMC000157] 
2026-02-13T07:06:00.811Z [INFO]: Persisted Complaint for RTU 17 [ID: KMC000158] 
2026-02-13T07:06:00.821Z [INFO]: Persisted Complaint for RTU 167 [ID: KMC000159] 
2026-02-13T07:06:00.830Z [INFO]: Persisted Complaint for RTU 1166 [ID: KMC000160] 
2026-02-13T07:06:00.839Z [INFO]: Persisted Complaint for RTU 1511 [ID: KMC000161] 
2026-02-13T07:06:00.848Z [INFO]: Persisted Complaint for RTU 1508 [ID: KMC000162] 
2026-02-13T07:06:00.858Z [INFO]: Persisted Complaint for RTU 1684 [ID: KMC000163] 
2026-02-13T07:06:00.867Z [INFO]: Persisted Complaint for RTU 1694 [ID: KMC000164] 
2026-02-13T07:06:00.876Z [INFO]: Persisted Complaint for RTU 1463 [ID: KMC000165] 
2026-02-13T07:06:00.886Z [INFO]: Persisted Complaint for RTU 1490 [ID: KMC000166] 
2026-02-13T07:06:00.895Z [INFO]: Persisted Complaint for RTU 217 [ID: KMC000167] 
2026-02-13T07:06:00.905Z [INFO]: Persisted Complaint for RTU 793 [ID: KMC000168] 
2026-02-13T07:06:00.914Z [INFO]: Persisted Complaint for RTU 550 [ID: KMC000169] 
2026-02-13T07:06:00.925Z [INFO]: Persisted Complaint for RTU 1283 [ID: KMC000170] 
2026-02-13T07:06:00.935Z [INFO]: Persisted Complaint for RTU 1285 [ID: KMC000171] 
2026-02-13T07:06:00.943Z [INFO]: Persisted Complaint for RTU 1152 [ID: KMC000172] 
2026-02-13T07:06:00.953Z [INFO]: Persisted Complaint for RTU 1154 [ID: KMC000173] 
2026-02-13T07:06:00.961Z [INFO]: Persisted Complaint for RTU 1407 [ID: KMC000174] 
2026-02-13T07:06:00.970Z [INFO]: Persisted Complaint for RTU 1647 [ID: KMC000175] 
2026-02-13T07:06:00.978Z [INFO]: Persisted Complaint for RTU 2033 [ID: KMC000176] 
2026-02-13T07:06:00.988Z [INFO]: Persisted Complaint for RTU 374 [ID: KMC000177] 
2026-02-13T07:06:00.997Z [INFO]: Persisted Complaint for RTU 1607 [ID: KMC000178] 
2026-02-13T07:06:01.007Z [INFO]: Persisted Complaint for RTU 874 [ID: KMC000179] 
2026-02-13T07:06:01.017Z [INFO]: Persisted Complaint for RTU 1391 [ID: KMC000180] 
2026-02-13T07:06:01.019Z [WARN]: Skipping Complaint for RTU 169: Active complaint KMC000115 exists. 
2026-02-13T07:06:01.028Z [INFO]: Persisted Complaint for RTU 2059 [ID: KMC000181] 
2026-02-13T07:06:01.038Z [INFO]: Persisted Complaint for RTU 1431 [ID: KMC000182] 
2026-02-13T07:06:01.048Z [INFO]: Persisted Complaint for RTU 192 [ID: KMC000183] 
2026-02-13T07:06:01.057Z [INFO]: Persisted Complaint for RTU 258 [ID: KMC000184] 
2026-02-13T07:06:01.068Z [INFO]: Persisted Complaint for RTU 314 [ID: KMC000185] 
2026-02-13T07:06:01.078Z [INFO]: Persisted Complaint for RTU 95 [ID: KMC000186] 
2026-02-13T07:06:01.089Z [INFO]: Persisted Complaint for RTU 524 [ID: KMC000187] 
2026-02-13T07:06:01.099Z [INFO]: Persisted Complaint for RTU 1011 [ID: KMC000188] 
2026-02-13T07:06:01.109Z [INFO]: Persisted Complaint for RTU 538 [ID: KMC000189] 
2026-02-13T07:06:01.120Z [INFO]: Persisted Complaint for RTU 272 [ID: KMC000190] 
2026-02-13T07:06:01.129Z [INFO]: Persisted Complaint for RTU 507 [ID: KMC000191] 
2026-02-13T07:06:01.131Z [WARN]: Skipping Complaint for RTU 21: Active complaint KMC000131 exists. 
2026-02-13T07:06:01.140Z [INFO]: Persisted Complaint for RTU 1455 [ID: KMC000192] 
2026-02-13T07:06:01.150Z [INFO]: Persisted Complaint for RTU 256 [ID: KMC000193] 
2026-02-13T07:06:01.159Z [INFO]: Persisted Complaint for RTU 695 [ID: KMC000194] 
2026-02-13T07:06:01.170Z [INFO]: Persisted Complaint for RTU 1270 [ID: KMC000195] 
2026-02-13T07:06:01.180Z [INFO]: Persisted Complaint for RTU 801 [ID: KMC000196] 
2026-02-13T07:06:01.190Z [INFO]: Persisted Complaint for RTU 1200 [ID: KMC000197] 
2026-02-13T07:06:01.200Z [INFO]: Persisted Complaint for RTU 2054 [ID: KMC000198] 
2026-02-13T07:06:01.210Z [INFO]: Persisted Complaint for RTU 60 [ID: KMC000199] 
2026-02-13T07:06:01.221Z [INFO]: Persisted Complaint for RTU 85 [ID: KMC000200] 
2026-02-13T07:06:01.231Z [INFO]: Persisted Complaint for RTU 269 [ID: KMC000201] 
2026-02-13T07:06:01.241Z [INFO]: Persisted Complaint for RTU 468 [ID: KMC000202] 
2026-02-13T07:06:01.249Z [INFO]: Persisted Complaint for RTU 1415 [ID: KMC000203] 
2026-02-13T07:06:01.257Z [INFO]: Persisted Complaint for RTU 2117 [ID: KMC000204] 
2026-02-13T07:06:01.265Z [INFO]: Persisted Complaint for RTU 274 [ID: KMC000205] 
2026-02-13T07:06:01.274Z [INFO]: Persisted Complaint for RTU 656 [ID: KMC000206] 
2026-02-13T07:06:01.283Z [INFO]: Persisted Complaint for RTU 1258 [ID: KMC000207] 
2026-02-13T07:06:01.286Z [WARN]: Skipping Complaint for RTU 1258: Active complaint KMC000207 exists. 
2026-02-13T07:06:01.296Z [INFO]: Persisted Complaint for RTU 2060 [ID: KMC000208] 
2026-02-13T07:06:01.305Z [INFO]: Persisted Complaint for RTU 1446 [ID: KMC000209] 
2026-02-13T07:06:01.313Z [INFO]: Persisted Complaint for RTU 1539 [ID: KMC000210] 
2026-02-13T07:06:01.318Z [INFO]: --- V2 Sync Job Completed --- 
